/*C2*/SET SCHEMA PUBLIC
INSERT INTO DEPARTAMENTOS VALUES(16,'Desenvolvimento')
COMMIT
DELETE FROM DEPARTAMENTOS WHERE ID=5
COMMIT
DELETE FROM DEPARTAMENTOS WHERE ID=7
COMMIT
DELETE FROM DEPARTAMENTOS WHERE ID=9
COMMIT
DELETE FROM DEPARTAMENTOS WHERE ID=10
COMMIT
DELETE FROM DEPARTAMENTOS WHERE ID=6
COMMIT
DELETE FROM DEPARTAMENTOS WHERE ID=11
COMMIT
DELETE FROM DEPARTAMENTOS WHERE ID=12
COMMIT
DELETE FROM DEPARTAMENTOS WHERE ID=13
COMMIT
DELETE FROM DEPARTAMENTOS WHERE ID=14
COMMIT
DELETE FROM DEPARTAMENTOS WHERE ID=15
COMMIT
INSERT INTO CARGOS VALUES(1,'Desenvolvedor Java Jr',1)
COMMIT
INSERT INTO CARGOS VALUES(2,'Banco de Dados',16)
COMMIT
